# JRE version: OpenJDK Runtime Environment (8.0_212-b04) (build 1.8.0_212-release-1586-b04)
# Java VM: OpenJDK 64-Bit Server VM (25.212-b04 mixed mode windows-amd64 compressed oops)
Heap:
 PSYoungGen      total 374272K, used 196811K [0x00000000e0000000, 0x00000000fb180000, 0x0000000100000000)
  eden space 310784K, 63% used [0x00000000e0000000,0x00000000ebfe4fd0,0x00000000f2f80000)
  from space 63488K, 0% used [0x00000000f6d80000,0x00000000f6dcdd88,0x00000000fab80000)
  to   space 63488K, 0% used [0x00000000f2f80000,0x00000000f2f80000,0x00000000f6d80000)
 ParOldGen       total 256512K, used 168554K [0x00000000a0000000, 0x00000000afa80000, 0x00000000e0000000)
  object space 256512K, 65% used [0x00000000a0000000,0x00000000aa49a9e8,0x00000000afa80000)
 Metaspace       used 68151K, capacity 71042K, committed 71384K, reserved 1110016K
  class space    used 9483K, capacity 10085K, committed 10200K, reserved 1048576K
GC Heap History (10 events):
Event: 22.674 GC heap before
{Heap before GC invocations=18 (full 3):
 PSYoungGen      total 215040K, used 215027K [0x00000000e0000000, 0x00000000f2b80000, 0x0000000100000000)
  eden space 195584K, 100% used [0x00000000e0000000,0x00000000ebf00000,0x00000000ebf00000)
  from space 19456K, 99% used [0x00000000ee600000,0x00000000ef8fcee0,0x00000000ef900000)
  to   space 39936K, 0% used [0x00000000ebf00000,0x00000000ebf00000,0x00000000ee600000)
 ParOldGen       total 135680K, used 82454K [0x00000000a0000000, 0x00000000a8480000, 0x00000000e0000000)
  object space 135680K, 60% used [0x00000000a0000000,0x00000000a5085850,0x00000000a8480000)
 Metaspace       used 63612K, capacity 66290K, committed 66520K, reserved 1105920K
  class space    used 8784K, capacity 9361K, committed 9432K, reserved 1048576K
Event: 22.740 GC heap after
Heap after GC invocations=18 (full 3):
 PSYoungGen      total 235520K, used 39924K [0x00000000e0000000, 0x00000000f6700000, 0x0000000100000000)
  eden space 195584K, 0% used [0x00000000e0000000,0x00000000e0000000,0x00000000ebf00000)
  from space 39936K, 99% used [0x00000000ebf00000,0x00000000ee5fd370,0x00000000ee600000)
  to   space 55808K, 0% used [0x00000000f3080000,0x00000000f3080000,0x00000000f6700000)
 ParOldGen       total 135680K, used 107637K [0x00000000a0000000, 0x00000000a8480000, 0x00000000e0000000)
  object space 135680K, 79% used [0x00000000a0000000,0x00000000a691d500,0x00000000a8480000)
 Metaspace       used 63612K, capacity 66290K, committed 66520K, reserved 1105920K
  class space    used 8784K, capacity 9361K, committed 9432K, reserved 1048576K
}
Event: 22.740 GC heap before
{Heap before GC invocations=19 (full 4):
 PSYoungGen      total 235520K, used 39924K [0x00000000e0000000, 0x00000000f6700000, 0x0000000100000000)
  eden space 195584K, 0% used [0x00000000e0000000,0x00000000e0000000,0x00000000ebf00000)
  from space 39936K, 99% used [0x00000000ebf00000,0x00000000ee5fd370,0x00000000ee600000)
  to   space 55808K, 0% used [0x00000000f3080000,0x00000000f3080000,0x00000000f6700000)
 ParOldGen       total 135680K, used 107637K [0x00000000a0000000, 0x00000000a8480000, 0x00000000e0000000)
  object space 135680K, 79% used [0x00000000a0000000,0x00000000a691d500,0x00000000a8480000)
 Metaspace       used 63612K, capacity 66290K, committed 66520K, reserved 1105920K
  class space    used 8784K, capacity 9361K, committed 9432K, reserved 1048576K
Event: 23.106 GC heap after
Heap after GC invocations=19 (full 4):
 PSYoungGen      total 235520K, used 0K [0x00000000e0000000, 0x00000000f6700000, 0x0000000100000000)
  eden space 195584K, 0% used [0x00000000e0000000,0x00000000e0000000,0x00000000ebf00000)
  from space 39936K, 0% used [0x00000000ebf00000,0x00000000ebf00000,0x00000000ee600000)
  to   space 55808K, 0% used [0x00000000f3080000,0x00000000f3080000,0x00000000f6700000)
 ParOldGen       total 256512K, used 103275K [0x00000000a0000000, 0x00000000afa80000, 0x00000000e0000000)
  object space 256512K, 40% used [0x00000000a0000000,0x00000000a64daec0,0x00000000afa80000)
 Metaspace       used 63430K, capacity 65792K, committed 66520K, reserved 1105920K
  class space    used 8724K, capacity 9254K, committed 9432K, reserved 1048576K
}
Event: 23.688 GC heap before
{Heap before GC invocations=20 (full 4):
 PSYoungGen      total 235520K, used 195584K [0x00000000e0000000, 0x00000000f6700000, 0x0000000100000000)
  eden space 195584K, 100% used [0x00000000e0000000,0x00000000ebf00000,0x00000000ebf00000)
  from space 39936K, 0% used [0x00000000ebf00000,0x00000000ebf00000,0x00000000ee600000)
  to   space 55808K, 0% used [0x00000000f3080000,0x00000000f3080000,0x00000000f6700000)
 ParOldGen       total 256512K, used 103275K [0x00000000a0000000, 0x00000000afa80000, 0x00000000e0000000)
  object space 256512K, 40% used [0x00000000a0000000,0x00000000a64daec0,0x00000000afa80000)
 Metaspace       used 63500K, capacity 65918K, committed 66520K, reserved 1105920K
  class space    used 8735K, capacity 9291K, committed 9432K, reserved 1048576K
Event: 23.772 GC heap after
Heap after GC invocations=20 (full 4):
 PSYoungGen      total 306176K, used 45171K [0x00000000e0000000, 0x00000000f7780000, 0x0000000100000000)
  eden space 250368K, 0% used [0x00000000e0000000,0x00000000e0000000,0x00000000ef480000)
  from space 55808K, 80% used [0x00000000f3080000,0x00000000f5c9cd10,0x00000000f6700000)
  to   space 61440K, 0% used [0x00000000ef480000,0x00000000ef480000,0x00000000f3080000)
 ParOldGen       total 256512K, used 103283K [0x00000000a0000000, 0x00000000afa80000, 0x00000000e0000000)
  object space 256512K, 40% used [0x00000000a0000000,0x00000000a64dcec0,0x00000000afa80000)
 Metaspace       used 63500K, capacity 65918K, committed 66520K, reserved 1105920K
  class space    used 8735K, capacity 9291K, committed 9432K, reserved 1048576K
}
Event: 25.400 GC heap before
{Heap before GC invocations=21 (full 4):
 PSYoungGen      total 306176K, used 295539K [0x00000000e0000000, 0x00000000f7780000, 0x0000000100000000)
  eden space 250368K, 100% used [0x00000000e0000000,0x00000000ef480000,0x00000000ef480000)
  from space 55808K, 80% used [0x00000000f3080000,0x00000000f5c9cd10,0x00000000f6700000)
  to   space 61440K, 0% used [0x00000000ef480000,0x00000000ef480000,0x00000000f3080000)
 ParOldGen       total 256512K, used 103283K [0x00000000a0000000, 0x00000000afa80000, 0x00000000e0000000)
  object space 256512K, 40% used [0x00000000a0000000,0x00000000a64dcec0,0x00000000afa80000)
 Metaspace       used 66258K, capacity 68988K, committed 69208K, reserved 1107968K
  class space    used 9182K, capacity 9750K, committed 9816K, reserved 1048576K
Event: 25.520 GC heap after
Heap after GC invocations=21 (full 4):
 PSYoungGen      total 311808K, used 37970K [0x00000000e0000000, 0x00000000fab80000, 0x0000000100000000)
  eden space 250368K, 0% used [0x00000000e0000000,0x00000000e0000000,0x00000000ef480000)
  from space 61440K, 61% used [0x00000000ef480000,0x00000000f19948e0,0x00000000f3080000)
  to   space 63488K, 0% used [0x00000000f6d80000,0x00000000f6d80000,0x00000000fab80000)
 ParOldGen       total 256512K, used 144401K [0x00000000a0000000, 0x00000000afa80000, 0x00000000e0000000)
  object space 256512K, 56% used [0x00000000a0000000,0x00000000a8d04510,0x00000000afa80000)
 Metaspace       used 66258K, capacity 68988K, committed 69208K, reserved 1107968K
  class space    used 9182K, capacity 9750K, committed 9816K, reserved 1048576K
}
Event: 25.877 GC heap before
{Heap before GC invocations=22 (full 4):
 PSYoungGen      total 311808K, used 288338K [0x00000000e0000000, 0x00000000fab80000, 0x0000000100000000)
  eden space 250368K, 100% used [0x00000000e0000000,0x00000000ef480000,0x00000000ef480000)
  from space 61440K, 61% used [0x00000000ef480000,0x00000000f19948e0,0x00000000f3080000)
  to   space 63488K, 0% used [0x00000000f6d80000,0x00000000f6d80000,0x00000000fab80000)
 ParOldGen       total 256512K, used 144401K [0x00000000a0000000, 0x00000000afa80000, 0x00000000e0000000)
  object space 256512K, 56% used [0x00000000a0000000,0x00000000a8d04510,0x00000000afa80000)
 Metaspace       used 66407K, capacity 69174K, committed 69208K, reserved 1107968K
  class space    used 9199K, capacity 9787K, committed 9816K, reserved 1048576K
Event: 25.919 GC heap after
Heap after GC invocations=22 (full 4):
 PSYoungGen      total 374272K, used 311K [0x00000000e0000000, 0x00000000fb180000, 0x0000000100000000)
  eden space 310784K, 0% used [0x00000000e0000000,0x00000000e0000000,0x00000000f2f80000)
  from space 63488K, 0% used [0x00000000f6d80000,0x00000000f6dcdd88,0x00000000fab80000)
  to   space 63488K, 0% used [0x00000000f2f80000,0x00000000f2f80000,0x00000000f6d80000)
 ParOldGen       total 256512K, used 168554K [0x00000000a0000000, 0x00000000afa80000, 0x00000000e0000000)
  object space 256512K, 65% used [0x00000000a0000000,0x00000000aa49a9e8,0x00000000afa80000)
 Metaspace       used 66407K, capacity 69174K, committed 69208K, reserved 1107968K
  class space    used 9199K, capacity 9787K, committed 9816K, reserved 1048576K
}

