# JRE version: OpenJDK Runtime Environment (8.0_212-b04) (build 1.8.0_212-release-1586-b04)
# Java VM: OpenJDK 64-Bit Server VM (25.212-b04 mixed mode windows-amd64 compressed oops)
Heap:
 PSYoungGen      total 265728K, used 91731K [0x00000000e0000000, 0x00000000f8200000, 0x0000000100000000)
  eden space 193024K, 9% used [0x00000000e0000000,0x00000000e1295f20,0x00000000ebc80000)
  from space 72704K, 99% used [0x00000000f1480000,0x00000000f5b7f0c0,0x00000000f5b80000)
  to   space 90112K, 0% used [0x00000000ebc80000,0x00000000ebc80000,0x00000000f1480000)
 ParOldGen       total 196608K, used 119460K [0x00000000a0000000, 0x00000000ac000000, 0x00000000e0000000)
  object space 196608K, 60% used [0x00000000a0000000,0x00000000a74a9238,0x00000000ac000000)
 Metaspace       used 92860K, capacity 97966K, committed 99008K, reserved 1134592K
  class space    used 11978K, capacity 12891K, committed 13144K, reserved 1048576K
GC Heap History (10 events):
Event: 2516.886 GC heap before
{Heap before GC invocations=30 (full 4):
 PSYoungGen      total 200192K, used 18073K [0x00000000e0000000, 0x00000000ef300000, 0x0000000100000000)
  eden space 163328K, 0% used [0x00000000e0000000,0x00000000e0000000,0x00000000e9f80000)
  from space 36864K, 49% used [0x00000000ec200000,0x00000000ed3a6598,0x00000000ee600000)
  to   space 35328K, 0% used [0x00000000e9f80000,0x00000000e9f80000,0x00000000ec200000)
 ParOldGen       total 139264K, used 69942K [0x00000000a0000000, 0x00000000a8800000, 0x00000000e0000000)
  object space 139264K, 50% used [0x00000000a0000000,0x00000000a444d978,0x00000000a8800000)
 Metaspace       used 92871K, capacity 98370K, committed 98496K, reserved 1134592K
  class space    used 12051K, capacity 13043K, committed 13144K, reserved 1048576K
Event: 2517.225 GC heap after
Heap after GC invocations=30 (full 4):
 PSYoungGen      total 200192K, used 0K [0x00000000e0000000, 0x00000000ef300000, 0x0000000100000000)
  eden space 163328K, 0% used [0x00000000e0000000,0x00000000e0000000,0x00000000e9f80000)
  from space 36864K, 0% used [0x00000000ec200000,0x00000000ec200000,0x00000000ee600000)
  to   space 35328K, 0% used [0x00000000e9f80000,0x00000000e9f80000,0x00000000ec200000)
 ParOldGen       total 196608K, used 52925K [0x00000000a0000000, 0x00000000ac000000, 0x00000000e0000000)
  object space 196608K, 26% used [0x00000000a0000000,0x00000000a33af670,0x00000000ac000000)
 Metaspace       used 92425K, capacity 97342K, committed 98496K, reserved 1134592K
  class space    used 11924K, capacity 12815K, committed 13144K, reserved 1048576K
}
Event: 2520.459 GC heap before
{Heap before GC invocations=31 (full 4):
 PSYoungGen      total 200192K, used 163328K [0x00000000e0000000, 0x00000000ef300000, 0x0000000100000000)
  eden space 163328K, 100% used [0x00000000e0000000,0x00000000e9f80000,0x00000000e9f80000)
  from space 36864K, 0% used [0x00000000ec200000,0x00000000ec200000,0x00000000ee600000)
  to   space 35328K, 0% used [0x00000000e9f80000,0x00000000e9f80000,0x00000000ec200000)
 ParOldGen       total 196608K, used 52925K [0x00000000a0000000, 0x00000000ac000000, 0x00000000e0000000)
  object space 196608K, 26% used [0x00000000a0000000,0x00000000a33af670,0x00000000ac000000)
 Metaspace       used 92472K, capacity 97464K, committed 98752K, reserved 1134592K
  class space    used 11936K, capacity 12852K, committed 13144K, reserved 1048576K
Event: 2520.516 GC heap after
Heap after GC invocations=31 (full 4):
 PSYoungGen      total 198656K, used 35319K [0x00000000e0000000, 0x00000000f1180000, 0x0000000100000000)
  eden space 163328K, 0% used [0x00000000e0000000,0x00000000e0000000,0x00000000e9f80000)
  from space 35328K, 99% used [0x00000000e9f80000,0x00000000ec1fde00,0x00000000ec200000)
  to   space 48640K, 0% used [0x00000000ee200000,0x00000000ee200000,0x00000000f1180000)
 ParOldGen       total 196608K, used 77511K [0x00000000a0000000, 0x00000000ac000000, 0x00000000e0000000)
  object space 196608K, 39% used [0x00000000a0000000,0x00000000a4bb1dc0,0x00000000ac000000)
 Metaspace       used 92472K, capacity 97464K, committed 98752K, reserved 1134592K
  class space    used 11936K, capacity 12852K, committed 13144K, reserved 1048576K
}
Event: 2520.957 GC heap before
{Heap before GC invocations=32 (full 4):
 PSYoungGen      total 198656K, used 198647K [0x00000000e0000000, 0x00000000f1180000, 0x0000000100000000)
  eden space 163328K, 100% used [0x00000000e0000000,0x00000000e9f80000,0x00000000e9f80000)
  from space 35328K, 99% used [0x00000000e9f80000,0x00000000ec1fde00,0x00000000ec200000)
  to   space 48640K, 0% used [0x00000000ee200000,0x00000000ee200000,0x00000000f1180000)
 ParOldGen       total 196608K, used 77511K [0x00000000a0000000, 0x00000000ac000000, 0x00000000e0000000)
  object space 196608K, 39% used [0x00000000a0000000,0x00000000a4bb1dc0,0x00000000ac000000)
 Metaspace       used 92506K, capacity 97498K, committed 98752K, reserved 1134592K
  class space    used 11938K, capacity 12857K, committed 13144K, reserved 1048576K
Event: 2521.036 GC heap after
Heap after GC invocations=32 (full 4):
 PSYoungGen      total 222720K, used 48621K [0x00000000e0000000, 0x00000000f2e80000, 0x0000000100000000)
  eden space 174080K, 0% used [0x00000000e0000000,0x00000000e0000000,0x00000000eaa00000)
  from space 48640K, 99% used [0x00000000ee200000,0x00000000f117b420,0x00000000f1180000)
  to   space 57344K, 0% used [0x00000000eaa00000,0x00000000eaa00000,0x00000000ee200000)
 ParOldGen       total 196608K, used 83690K [0x00000000a0000000, 0x00000000ac000000, 0x00000000e0000000)
  object space 196608K, 42% used [0x00000000a0000000,0x00000000a51baa38,0x00000000ac000000)
 Metaspace       used 92506K, capacity 97498K, committed 98752K, reserved 1134592K
  class space    used 11938K, capacity 12857K, committed 13144K, reserved 1048576K
}
Event: 2521.861 GC heap before
{Heap before GC invocations=33 (full 4):
 PSYoungGen      total 222720K, used 222701K [0x00000000e0000000, 0x00000000f2e80000, 0x0000000100000000)
  eden space 174080K, 100% used [0x00000000e0000000,0x00000000eaa00000,0x00000000eaa00000)
  from space 48640K, 99% used [0x00000000ee200000,0x00000000f117b420,0x00000000f1180000)
  to   space 57344K, 0% used [0x00000000eaa00000,0x00000000eaa00000,0x00000000ee200000)
 ParOldGen       total 196608K, used 83690K [0x00000000a0000000, 0x00000000ac000000, 0x00000000e0000000)
  object space 196608K, 42% used [0x00000000a0000000,0x00000000a51baa38,0x00000000ac000000)
 Metaspace       used 92557K, capacity 97584K, committed 98752K, reserved 1134592K
  class space    used 11944K, capacity 12860K, committed 13144K, reserved 1048576K
Event: 2521.959 GC heap after
Heap after GC invocations=33 (full 4):
 PSYoungGen      total 231424K, used 57341K [0x00000000e0000000, 0x00000000f5b80000, 0x0000000100000000)
  eden space 174080K, 0% used [0x00000000e0000000,0x00000000e0000000,0x00000000eaa00000)
  from space 57344K, 99% used [0x00000000eaa00000,0x00000000ee1ff520,0x00000000ee200000)
  to   space 72704K, 0% used [0x00000000f1480000,0x00000000f1480000,0x00000000f5b80000)
 ParOldGen       total 196608K, used 102126K [0x00000000a0000000, 0x00000000ac000000, 0x00000000e0000000)
  object space 196608K, 51% used [0x00000000a0000000,0x00000000a63bb810,0x00000000ac000000)
 Metaspace       used 92557K, capacity 97584K, committed 98752K, reserved 1134592K
  class space    used 11944K, capacity 12860K, committed 13144K, reserved 1048576K
}
Event: 2522.569 GC heap before
{Heap before GC invocations=34 (full 4):
 PSYoungGen      total 231424K, used 231421K [0x00000000e0000000, 0x00000000f5b80000, 0x0000000100000000)
  eden space 174080K, 100% used [0x00000000e0000000,0x00000000eaa00000,0x00000000eaa00000)
  from space 57344K, 99% used [0x00000000eaa00000,0x00000000ee1ff520,0x00000000ee200000)
  to   space 72704K, 0% used [0x00000000f1480000,0x00000000f1480000,0x00000000f5b80000)
 ParOldGen       total 196608K, used 102126K [0x00000000a0000000, 0x00000000ac000000, 0x00000000e0000000)
  object space 196608K, 51% used [0x00000000a0000000,0x00000000a63bb810,0x00000000ac000000)
 Metaspace       used 92559K, capacity 97584K, committed 98752K, reserved 1134592K
  class space    used 11944K, capacity 12860K, committed 13144K, reserved 1048576K
Event: 2522.730 GC heap after
Heap after GC invocations=34 (full 4):
 PSYoungGen      total 265728K, used 72700K [0x00000000e0000000, 0x00000000f8200000, 0x0000000100000000)
  eden space 193024K, 0% used [0x00000000e0000000,0x00000000e0000000,0x00000000ebc80000)
  from space 72704K, 99% used [0x00000000f1480000,0x00000000f5b7f0c0,0x00000000f5b80000)
  to   space 90112K, 0% used [0x00000000ebc80000,0x00000000ebc80000,0x00000000f1480000)
 ParOldGen       total 196608K, used 119460K [0x00000000a0000000, 0x00000000ac000000, 0x00000000e0000000)
  object space 196608K, 60% used [0x00000000a0000000,0x00000000a74a9238,0x00000000ac000000)
 Metaspace       used 92559K, capacity 97584K, committed 98752K, reserved 1134592K
  class space    used 11944K, capacity 12860K, committed 13144K, reserved 1048576K
}

