# JRE version: OpenJDK Runtime Environment (8.0_212-b04) (build 1.8.0_212-release-1586-b04)
# Java VM: OpenJDK 64-Bit Server VM (25.212-b04 mixed mode windows-amd64 compressed oops)
Heap:
 PSYoungGen      total 201728K, used 189140K [0x00000000e0000000, 0x00000000ee200000, 0x0000000100000000)
  eden space 180224K, 93% used [0x00000000e0000000,0x00000000ea3bb908,0x00000000eb000000)
  from space 21504K, 99% used [0x00000000ec900000,0x00000000eddf99d8,0x00000000ede00000)
  to   space 25600K, 0% used [0x00000000eb000000,0x00000000eb000000,0x00000000ec900000)
 ParOldGen       total 147968K, used 40367K [0x00000000a0000000, 0x00000000a9080000, 0x00000000e0000000)
  object space 147968K, 27% used [0x00000000a0000000,0x00000000a276bfa0,0x00000000a9080000)
 Metaspace       used 77018K, capacity 80642K, committed 80856K, reserved 1118208K
  class space    used 10446K, capacity 11213K, committed 11224K, reserved 1048576K
GC Heap History (10 events):
Event: 15.644 GC heap before
{Heap before GC invocations=13 (full 2):
 PSYoungGen      total 135168K, used 135146K [0x00000000e0000000, 0x00000000e9380000, 0x0000000100000000)
  eden space 122880K, 100% used [0x00000000e0000000,0x00000000e7800000,0x00000000e7800000)
  from space 12288K, 99% used [0x00000000e8580000,0x00000000e917a950,0x00000000e9180000)
  to   space 13824K, 0% used [0x00000000e7800000,0x00000000e7800000,0x00000000e8580000)
 ParOldGen       total 97280K, used 17742K [0x00000000a0000000, 0x00000000a5f00000, 0x00000000e0000000)
  object space 97280K, 18% used [0x00000000a0000000,0x00000000a1153bd8,0x00000000a5f00000)
 Metaspace       used 52686K, capacity 54362K, committed 54656K, reserved 1095680K
  class space    used 7241K, capacity 7691K, committed 7808K, reserved 1048576K
Event: 15.688 GC heap after
Heap after GC invocations=13 (full 2):
 PSYoungGen      total 136704K, used 13820K [0x00000000e0000000, 0x00000000ebd00000, 0x0000000100000000)
  eden space 122880K, 0% used [0x00000000e0000000,0x00000000e0000000,0x00000000e7800000)
  from space 13824K, 99% used [0x00000000e7800000,0x00000000e857f320,0x00000000e8580000)
  to   space 17920K, 0% used [0x00000000eab80000,0x00000000eab80000,0x00000000ebd00000)
 ParOldGen       total 97280K, used 23939K [0x00000000a0000000, 0x00000000a5f00000, 0x00000000e0000000)
  object space 97280K, 24% used [0x00000000a0000000,0x00000000a1760db0,0x00000000a5f00000)
 Metaspace       used 52686K, capacity 54362K, committed 54656K, reserved 1095680K
  class space    used 7241K, capacity 7691K, committed 7808K, reserved 1048576K
}
Event: 17.227 GC heap before
{Heap before GC invocations=14 (full 2):
 PSYoungGen      total 136704K, used 86873K [0x00000000e0000000, 0x00000000ebd00000, 0x0000000100000000)
  eden space 122880K, 59% used [0x00000000e0000000,0x00000000e47572d0,0x00000000e7800000)
  from space 13824K, 99% used [0x00000000e7800000,0x00000000e857f320,0x00000000e8580000)
  to   space 17920K, 0% used [0x00000000eab80000,0x00000000eab80000,0x00000000ebd00000)
 ParOldGen       total 97280K, used 23939K [0x00000000a0000000, 0x00000000a5f00000, 0x00000000e0000000)
  object space 97280K, 24% used [0x00000000a0000000,0x00000000a1760db0,0x00000000a5f00000)
 Metaspace       used 57237K, capacity 58980K, committed 59096K, reserved 1099776K
  class space    used 7902K, capacity 8328K, committed 8408K, reserved 1048576K
Event: 17.263 GC heap after
Heap after GC invocations=14 (full 2):
 PSYoungGen      total 172032K, used 17917K [0x00000000e0000000, 0x00000000ec700000, 0x0000000100000000)
  eden space 154112K, 0% used [0x00000000e0000000,0x00000000e0000000,0x00000000e9680000)
  from space 17920K, 99% used [0x00000000eab80000,0x00000000ebcff7d0,0x00000000ebd00000)
  to   space 21504K, 0% used [0x00000000e9680000,0x00000000e9680000,0x00000000eab80000)
 ParOldGen       total 97280K, used 27596K [0x00000000a0000000, 0x00000000a5f00000, 0x00000000e0000000)
  object space 97280K, 28% used [0x00000000a0000000,0x00000000a1af3388,0x00000000a5f00000)
 Metaspace       used 57237K, capacity 58980K, committed 59096K, reserved 1099776K
  class space    used 7902K, capacity 8328K, committed 8408K, reserved 1048576K
}
Event: 17.263 GC heap before
{Heap before GC invocations=15 (full 3):
 PSYoungGen      total 172032K, used 17917K [0x00000000e0000000, 0x00000000ec700000, 0x0000000100000000)
  eden space 154112K, 0% used [0x00000000e0000000,0x00000000e0000000,0x00000000e9680000)
  from space 17920K, 99% used [0x00000000eab80000,0x00000000ebcff7d0,0x00000000ebd00000)
  to   space 21504K, 0% used [0x00000000e9680000,0x00000000e9680000,0x00000000eab80000)
 ParOldGen       total 97280K, used 27596K [0x00000000a0000000, 0x00000000a5f00000, 0x00000000e0000000)
  object space 97280K, 28% used [0x00000000a0000000,0x00000000a1af3388,0x00000000a5f00000)
 Metaspace       used 57237K, capacity 58980K, committed 59096K, reserved 1099776K
  class space    used 7902K, capacity 8328K, committed 8408K, reserved 1048576K
Event: 17.642 GC heap after
Heap after GC invocations=15 (full 3):
 PSYoungGen      total 172032K, used 0K [0x00000000e0000000, 0x00000000ec700000, 0x0000000100000000)
  eden space 154112K, 0% used [0x00000000e0000000,0x00000000e0000000,0x00000000e9680000)
  from space 17920K, 0% used [0x00000000eab80000,0x00000000eab80000,0x00000000ebd00000)
  to   space 21504K, 0% used [0x00000000e9680000,0x00000000e9680000,0x00000000eab80000)
 ParOldGen       total 147968K, used 36803K [0x00000000a0000000, 0x00000000a9080000, 0x00000000e0000000)
  object space 147968K, 24% used [0x00000000a0000000,0x00000000a23f0fc0,0x00000000a9080000)
 Metaspace       used 57237K, capacity 58980K, committed 59096K, reserved 1099776K
  class space    used 7902K, capacity 8328K, committed 8408K, reserved 1048576K
}
Event: 21.638 GC heap before
{Heap before GC invocations=16 (full 3):
 PSYoungGen      total 172032K, used 154112K [0x00000000e0000000, 0x00000000ec700000, 0x0000000100000000)
  eden space 154112K, 100% used [0x00000000e0000000,0x00000000e9680000,0x00000000e9680000)
  from space 17920K, 0% used [0x00000000eab80000,0x00000000eab80000,0x00000000ebd00000)
  to   space 21504K, 0% used [0x00000000e9680000,0x00000000e9680000,0x00000000eab80000)
 ParOldGen       total 147968K, used 36803K [0x00000000a0000000, 0x00000000a9080000, 0x00000000e0000000)
  object space 147968K, 24% used [0x00000000a0000000,0x00000000a23f0fc0,0x00000000a9080000)
 Metaspace       used 62224K, capacity 64480K, committed 64728K, reserved 1105920K
  class space    used 8564K, capacity 9074K, committed 9176K, reserved 1048576K
Event: 21.656 GC heap after
Heap after GC invocations=16 (full 3):
 PSYoungGen      total 175616K, used 12456K [0x00000000e0000000, 0x00000000ede00000, 0x0000000100000000)
  eden space 154112K, 0% used [0x00000000e0000000,0x00000000e0000000,0x00000000e9680000)
  from space 21504K, 57% used [0x00000000e9680000,0x00000000ea2aa3f0,0x00000000eab80000)
  to   space 21504K, 0% used [0x00000000ec900000,0x00000000ec900000,0x00000000ede00000)
 ParOldGen       total 147968K, used 36811K [0x00000000a0000000, 0x00000000a9080000, 0x00000000e0000000)
  object space 147968K, 24% used [0x00000000a0000000,0x00000000a23f2fc0,0x00000000a9080000)
 Metaspace       used 62224K, capacity 64480K, committed 64728K, reserved 1105920K
  class space    used 8564K, capacity 9074K, committed 9176K, reserved 1048576K
}
Event: 29.162 GC heap before
{Heap before GC invocations=17 (full 3):
 PSYoungGen      total 175616K, used 166568K [0x00000000e0000000, 0x00000000ede00000, 0x0000000100000000)
  eden space 154112K, 100% used [0x00000000e0000000,0x00000000e9680000,0x00000000e9680000)
  from space 21504K, 57% used [0x00000000e9680000,0x00000000ea2aa3f0,0x00000000eab80000)
  to   space 21504K, 0% used [0x00000000ec900000,0x00000000ec900000,0x00000000ede00000)
 ParOldGen       total 147968K, used 36811K [0x00000000a0000000, 0x00000000a9080000, 0x00000000e0000000)
  object space 147968K, 24% used [0x00000000a0000000,0x00000000a23f2fc0,0x00000000a9080000)
 Metaspace       used 67275K, capacity 69840K, committed 69976K, reserved 1110016K
  class space    used 9164K, capacity 9732K, committed 9816K, reserved 1048576K
Event: 29.189 GC heap after
Heap after GC invocations=17 (full 3):
 PSYoungGen      total 201728K, used 21478K [0x00000000e0000000, 0x00000000ee200000, 0x0000000100000000)
  eden space 180224K, 0% used [0x00000000e0000000,0x00000000e0000000,0x00000000eb000000)
  from space 21504K, 99% used [0x00000000ec900000,0x00000000eddf99d8,0x00000000ede00000)
  to   space 25600K, 0% used [0x00000000eb000000,0x00000000eb000000,0x00000000ec900000)
 ParOldGen       total 147968K, used 40367K [0x00000000a0000000, 0x00000000a9080000, 0x00000000e0000000)
  object space 147968K, 27% used [0x00000000a0000000,0x00000000a276bfa0,0x00000000a9080000)
 Metaspace       used 67275K, capacity 69840K, committed 69976K, reserved 1110016K
  class space    used 9164K, capacity 9732K, committed 9816K, reserved 1048576K
}

