# JRE version: OpenJDK Runtime Environment (8.0_212-b04) (build 1.8.0_212-release-1586-b04)
# Java VM: OpenJDK 64-Bit Server VM (25.212-b04 mixed mode windows-amd64 compressed oops)
Heap:
 PSYoungGen      total 192000K, used 68513K [0x00000000e0000000, 0x00000000eef80000, 0x0000000100000000)
  eden space 173568K, 31% used [0x00000000e0000000,0x00000000e35726f8,0x00000000ea980000)
  from space 18432K, 74% used [0x00000000ea980000,0x00000000eb6f5eb0,0x00000000ebb80000)
  to   space 19456K, 0% used [0x00000000edc80000,0x00000000edc80000,0x00000000eef80000)
 ParOldGen       total 138752K, used 34814K [0x00000000a0000000, 0x00000000a8780000, 0x00000000e0000000)
  object space 138752K, 25% used [0x00000000a0000000,0x00000000a21ff820,0x00000000a8780000)
 Metaspace       used 62910K, capacity 65290K, committed 65496K, reserved 1105920K
  class space    used 8650K, capacity 9145K, committed 9176K, reserved 1048576K
GC Heap History (10 events):
Event: 10.647 GC heap before
{Heap before GC invocations=12 (full 2):
 PSYoungGen      total 119296K, used 107520K [0x00000000e0000000, 0x00000000eaa80000, 0x0000000100000000)
  eden space 107520K, 100% used [0x00000000e0000000,0x00000000e6900000,0x00000000e6900000)
  from space 11776K, 0% used [0x00000000e6900000,0x00000000e6900000,0x00000000e7480000)
  to   space 12288K, 0% used [0x00000000e9e80000,0x00000000e9e80000,0x00000000eaa80000)
 ParOldGen       total 89600K, used 16975K [0x00000000a0000000, 0x00000000a5780000, 0x00000000e0000000)
  object space 89600K, 18% used [0x00000000a0000000,0x00000000a1093d48,0x00000000a5780000)
 Metaspace       used 45041K, capacity 46048K, committed 46336K, reserved 1089536K
  class space    used 6048K, capacity 6318K, committed 6400K, reserved 1048576K
Event: 10.663 GC heap after
Heap after GC invocations=12 (full 2):
 PSYoungGen      total 147968K, used 12276K [0x00000000e0000000, 0x00000000eaa80000, 0x0000000100000000)
  eden space 135680K, 0% used [0x00000000e0000000,0x00000000e0000000,0x00000000e8480000)
  from space 12288K, 99% used [0x00000000e9e80000,0x00000000eaa7d328,0x00000000eaa80000)
  to   space 14848K, 0% used [0x00000000e8d80000,0x00000000e8d80000,0x00000000e9c00000)
 ParOldGen       total 89600K, used 19667K [0x00000000a0000000, 0x00000000a5780000, 0x00000000e0000000)
  object space 89600K, 21% used [0x00000000a0000000,0x00000000a1334cc8,0x00000000a5780000)
 Metaspace       used 45041K, capacity 46048K, committed 46336K, reserved 1089536K
  class space    used 6048K, capacity 6318K, committed 6400K, reserved 1048576K
}
Event: 12.772 GC heap before
{Heap before GC invocations=13 (full 2):
 PSYoungGen      total 147968K, used 147956K [0x00000000e0000000, 0x00000000eaa80000, 0x0000000100000000)
  eden space 135680K, 100% used [0x00000000e0000000,0x00000000e8480000,0x00000000e8480000)
  from space 12288K, 99% used [0x00000000e9e80000,0x00000000eaa7d328,0x00000000eaa80000)
  to   space 14848K, 0% used [0x00000000e8d80000,0x00000000e8d80000,0x00000000e9c00000)
 ParOldGen       total 89600K, used 19667K [0x00000000a0000000, 0x00000000a5780000, 0x00000000e0000000)
  object space 89600K, 21% used [0x00000000a0000000,0x00000000a1334cc8,0x00000000a5780000)
 Metaspace       used 53957K, capacity 55684K, committed 55808K, reserved 1097728K
  class space    used 7413K, capacity 7812K, committed 7936K, reserved 1048576K
Event: 12.813 GC heap after
Heap after GC invocations=13 (full 2):
 PSYoungGen      total 159744K, used 14824K [0x00000000e0000000, 0x00000000ece00000, 0x0000000100000000)
  eden space 144896K, 0% used [0x00000000e0000000,0x00000000e0000000,0x00000000e8d80000)
  from space 14848K, 99% used [0x00000000e8d80000,0x00000000e9bfa090,0x00000000e9c00000)
  to   space 18944K, 0% used [0x00000000ebb80000,0x00000000ebb80000,0x00000000ece00000)
 ParOldGen       total 89600K, used 25906K [0x00000000a0000000, 0x00000000a5780000, 0x00000000e0000000)
  object space 89600K, 28% used [0x00000000a0000000,0x00000000a194ca30,0x00000000a5780000)
 Metaspace       used 53957K, capacity 55684K, committed 55808K, reserved 1097728K
  class space    used 7413K, capacity 7812K, committed 7936K, reserved 1048576K
}
Event: 14.230 GC heap before
{Heap before GC invocations=14 (full 2):
 PSYoungGen      total 159744K, used 72750K [0x00000000e0000000, 0x00000000ece00000, 0x0000000100000000)
  eden space 144896K, 39% used [0x00000000e0000000,0x00000000e3891770,0x00000000e8d80000)
  from space 14848K, 99% used [0x00000000e8d80000,0x00000000e9bfa090,0x00000000e9c00000)
  to   space 18944K, 0% used [0x00000000ebb80000,0x00000000ebb80000,0x00000000ece00000)
 ParOldGen       total 89600K, used 25906K [0x00000000a0000000, 0x00000000a5780000, 0x00000000e0000000)
  object space 89600K, 28% used [0x00000000a0000000,0x00000000a194ca30,0x00000000a5780000)
 Metaspace       used 57178K, capacity 59000K, committed 59096K, reserved 1099776K
  class space    used 7886K, capacity 8340K, committed 8408K, reserved 1048576K
Event: 14.254 GC heap after
Heap after GC invocations=14 (full 2):
 PSYoungGen      total 192512K, used 6038K [0x00000000e0000000, 0x00000000ed880000, 0x0000000100000000)
  eden space 173568K, 0% used [0x00000000e0000000,0x00000000e0000000,0x00000000ea980000)
  from space 18944K, 31% used [0x00000000ebb80000,0x00000000ec165b80,0x00000000ece00000)
  to   space 18432K, 0% used [0x00000000ea980000,0x00000000ea980000,0x00000000ebb80000)
 ParOldGen       total 89600K, used 34841K [0x00000000a0000000, 0x00000000a5780000, 0x00000000e0000000)
  object space 89600K, 38% used [0x00000000a0000000,0x00000000a22065b0,0x00000000a5780000)
 Metaspace       used 57178K, capacity 59000K, committed 59096K, reserved 1099776K
  class space    used 7886K, capacity 8340K, committed 8408K, reserved 1048576K
}
Event: 14.254 GC heap before
{Heap before GC invocations=15 (full 3):
 PSYoungGen      total 192512K, used 6038K [0x00000000e0000000, 0x00000000ed880000, 0x0000000100000000)
  eden space 173568K, 0% used [0x00000000e0000000,0x00000000e0000000,0x00000000ea980000)
  from space 18944K, 31% used [0x00000000ebb80000,0x00000000ec165b80,0x00000000ece00000)
  to   space 18432K, 0% used [0x00000000ea980000,0x00000000ea980000,0x00000000ebb80000)
 ParOldGen       total 89600K, used 34841K [0x00000000a0000000, 0x00000000a5780000, 0x00000000e0000000)
  object space 89600K, 38% used [0x00000000a0000000,0x00000000a22065b0,0x00000000a5780000)
 Metaspace       used 57178K, capacity 59000K, committed 59096K, reserved 1099776K
  class space    used 7886K, capacity 8340K, committed 8408K, reserved 1048576K
Event: 14.587 GC heap after
Heap after GC invocations=15 (full 3):
 PSYoungGen      total 192512K, used 0K [0x00000000e0000000, 0x00000000ed880000, 0x0000000100000000)
  eden space 173568K, 0% used [0x00000000e0000000,0x00000000e0000000,0x00000000ea980000)
  from space 18944K, 0% used [0x00000000ebb80000,0x00000000ebb80000,0x00000000ece00000)
  to   space 18432K, 0% used [0x00000000ea980000,0x00000000ea980000,0x00000000ebb80000)
 ParOldGen       total 138752K, used 34806K [0x00000000a0000000, 0x00000000a8780000, 0x00000000e0000000)
  object space 138752K, 25% used [0x00000000a0000000,0x00000000a21fd820,0x00000000a8780000)
 Metaspace       used 57178K, capacity 59000K, committed 59096K, reserved 1099776K
  class space    used 7886K, capacity 8340K, committed 8408K, reserved 1048576K
}
Event: 17.447 GC heap before
{Heap before GC invocations=16 (full 3):
 PSYoungGen      total 192512K, used 173568K [0x00000000e0000000, 0x00000000ed880000, 0x0000000100000000)
  eden space 173568K, 100% used [0x00000000e0000000,0x00000000ea980000,0x00000000ea980000)
  from space 18944K, 0% used [0x00000000ebb80000,0x00000000ebb80000,0x00000000ece00000)
  to   space 18432K, 0% used [0x00000000ea980000,0x00000000ea980000,0x00000000ebb80000)
 ParOldGen       total 138752K, used 34806K [0x00000000a0000000, 0x00000000a8780000, 0x00000000e0000000)
  object space 138752K, 25% used [0x00000000a0000000,0x00000000a21fd820,0x00000000a8780000)
 Metaspace       used 60328K, capacity 62678K, committed 62936K, reserved 1103872K
  class space    used 8313K, capacity 8851K, committed 8920K, reserved 1048576K
Event: 17.468 GC heap after
Heap after GC invocations=16 (full 3):
 PSYoungGen      total 192000K, used 13783K [0x00000000e0000000, 0x00000000eef80000, 0x0000000100000000)
  eden space 173568K, 0% used [0x00000000e0000000,0x00000000e0000000,0x00000000ea980000)
  from space 18432K, 74% used [0x00000000ea980000,0x00000000eb6f5eb0,0x00000000ebb80000)
  to   space 19456K, 0% used [0x00000000edc80000,0x00000000edc80000,0x00000000eef80000)
 ParOldGen       total 138752K, used 34814K [0x00000000a0000000, 0x00000000a8780000, 0x00000000e0000000)
  object space 138752K, 25% used [0x00000000a0000000,0x00000000a21ff820,0x00000000a8780000)
 Metaspace       used 60328K, capacity 62678K, committed 62936K, reserved 1103872K
  class space    used 8313K, capacity 8851K, committed 8920K, reserved 1048576K
}

